{"name": "test_prompt_ok_fail", "status": "failed", "statusDetails": {"message": "AssertionError: assert 'You entered: Teszt' == 'You entered: Teszt fail'\n  - You entered: Teszt fail\n  ?                   -----\n  + You entered: Teszt", "trace": "self = <test_mypytest.TestAlertPlayground object at 0x000001EAEF4EBFA0>\n\n    def test_prompt_ok_fail(self):\n        self.driver.find_element_by_xpath('//input[@name=\"prompt\"]').click()\n        alert_pop = self.driver.switch_to.alert\n        alert_pop.send_keys(\"Teszt\")\n        alert_pop.accept()\n>       assert self.driver.find_element_by_id(\"demo\").text == \"You entered: Teszt fail\"\nE       AssertionError: assert 'You entered: Teszt' == 'You entered: Teszt fail'\nE         - You entered: Teszt fail\nE         ?                   -----\nE         + You entered: Teszt\n\ntest\\test_mypytest.py:53: AssertionError"}, "start": 1627243352398, "stop": 1627243352493, "uuid": "3fb8fa46-4e53-45d4-9445-fca6d780dcb1", "historyId": "b0568f10788201b50738ea2c9c666692", "testCaseId": "36b91888c460ca67c4e8c061502cf18b", "fullName": "test.test_mypytest.TestAlertPlayground#test_prompt_ok_fail", "labels": [{"name": "parentSuite", "value": "test"}, {"name": "suite", "value": "test_mypytest"}, {"name": "subSuite", "value": "TestAlertPlayground"}, {"name": "host", "value": "Nori-PC"}, {"name": "thread", "value": "5884-MainThread"}, {"name": "framework", "value": "pytest"}, {"name": "language", "value": "cpython3"}, {"name": "package", "value": "test.test_mypytest"}]}